<?xml version="1.0" encoding="utf-8"?>
<!DOCTYPE coverage SYSTEM "http://cobertura.sourceforge.net/xml/coverage-04.dtd">
<coverage line-rate="0.0904163216140932" branch-rate="0.06848149723521905" lines-covered="1201" lines-valid="13283" branches-covered="322" branches-valid="4702" complexity="5141" version="0" timestamp="1615813004">
  <sources />
  <packages>
    <package name="FluentAssertions" line-rate="0.022066429146075164" branch-rate="0.01498847040737894" complexity="3162">
      <classes>
        <class name="FluentAssertions.AggregateExceptionExtractor" filename="C:\projects\fluentassertions-vf06b\Src\FluentAssertions\AggregateExceptionExtractor.cs" line-rate="1" branch-rate="1" complexity="NaN">
          <methods>
            <method name="OfType" signature="(System.Exception)" line-rate="1" branch-rate="1" complexity="NaN">
              <lines />
            </method>
            <method name="GetExtractedExceptions" signature="(System.Exception)" line-rate="1" branch-rate="1" complexity="NaN">
              <lines />
            </method>
          </methods>
          <lines />
        </class>
        <class name="FluentAssertions.AndConstraint`1" filename="C:\projects\fluentassertions-vf06b\Src\FluentAssertions\AndConstraint.cs" line-rate="1" branch-rate="1" complexity="NaN">
          <methods>
            <method name="And" signature="()" line-rate="1" branch-rate="1" complexity="NaN">
              <lines />
            </method>
            <method name=".ctor" signature="(T)" line-rate="1" branch-rate="1" complexity="NaN">
              <lines />
            </method>
          </methods>
          <lines />
        </class>
        <class name="FluentAssertions.AndWhichConstraint`2" filename="C:\projects\fluentassertions-vf06b\Src\FluentAssertions\AndWhichConstraint.cs" line-rate="1" branch-rate="1" complexity="NaN">
          <methods>
            <method name="Which" signature="()" line-rate="1" branch-rate="1" complexity="NaN">
              <lines />
            </method>
            <method name="Subject" signature="()" line-rate="1" branch-rate="1" complexity="NaN">
              <lines />
            </method>
            <method name=".ctor" signature="(TParentConstraint,TMatchedElement)" line-rate="1" branch-rate="1" complexity="NaN">
              <lines />
            </method>
            <method name=".ctor" signature="(TParentConstraint,System.Collections.Generic.IEnumerable`1&lt;TMatchedElement&gt;)" line-rate="1" branch-rate="1" complexity="NaN">
              <lines />
            </method>
            <method name="SingleOrDefault" signature="(System.Collections.Generic.IEnumerable`1&lt;TMatchedElement&gt;)" line-rate="1" branch-rate="1" complexity="NaN">
              <lines />
            </method>
          </methods>
          <lines />
        </class>
        <class name="FluentAssertions.AssertionExtensions" filename="C:\projects\fluentassertions-vf06b\Src\FluentAssertions\AssertionExtensions.cs" line-rate="1" branch-rate="1" complexity="4">
          <methods>
            <method name="Invoking" signature="(T,System.Action`1&lt;T&gt;)" line-rate="1" branch-rate="1" complexity="NaN">
              <lines />
            </method>
            <method name="Invoking" signature="(T,System.Func`2&lt;T,TResult&gt;)" line-rate="1" branch-rate="1" complexity="NaN">
              <lines />
            </method>
            <method name="Awaiting" signature="(T,System.Func`2&lt;T,System.Threading.Tasks.Task&gt;)" line-rate="1" branch-rate="1" complexity="NaN">
              <lines />
            </method>
            <method name="Awaiting" signature="(T,System.Func`2&lt;T,System.Threading.Tasks.Task`1&lt;TResult&gt;&gt;)" line-rate="1" branch-rate="1" complexity="NaN">
              <lines />
            </method>
            <method name="ExecutionTimeOf" signature="(T,System.Linq.Expressions.Expression`1&lt;System.Action`1&lt;T&gt;&gt;)" line-rate="1" branch-rate="1" complexity="NaN">
              <lines />
            </method>
            <method name="ExecutionTime" signature="(System.Action)" line-rate="1" branch-rate="1" complexity="NaN">
              <lines />
            </method>
            <method name="ExecutionTime" signature="(System.Func`1&lt;System.Threading.Tasks.Task&gt;)" line-rate="1" branch-rate="1" complexity="NaN">
              <lines />
            </method>
            <method name="Should" signature="(FluentAssertions.Specialized.ExecutionTime)" line-rate="1" branch-rate="1" complexity="NaN">
              <lines />
            </method>
            <method name="Should" signature="(System.Reflection.Assembly)" line-rate="1" branch-rate="1" complexity="NaN">
              <lines />
            </method>
            <method name="Should" signature="(System.Xml.Linq.XDocument)" line-rate="1" branch-rate="1" complexity="NaN">
              <lines />
            </method>
            <method name="Should" signature="(System.Xml.Linq.XElement)" line-rate="1" branch-rate="1" complexity="NaN">
              <lines />
            </method>
            <method name="Should" signature="(System.Xml.Linq.XAttribute)" line-rate="1" branch-rate="1" complexity="NaN">
              <lines />
            </method>
            <method name="Enumerating" signature="(System.Func`1&lt;System.Collections.IEnumerable&gt;)" line-rate="1" branch-rate="1" complexity="NaN">
              <lines />
            </method>
            <method name="Enumerating" signature="(System.Func`1&lt;System.Collections.Generic.IEnumerable`1&lt;T&gt;&gt;)" line-rate="1" branch-rate="1" complexity="NaN">
              <lines />
            </method>
            <method name="ForceEnumeration" signature="(System.Func`1&lt;System.Collections.IEnumerable&gt;)" line-rate="1" branch-rate="1" complexity="NaN">
              <lines />
            </method>
            <method name="Should" signature="(System.Object)" line-rate="1" branch-rate="1" complexity="NaN">
              <lines />
            </method>
            <method name="Should" signature="(System.Boolean)" line-rate="1" branch-rate="1" complexity="NaN">
              <lines />
            </method>
            <method name="Should" signature="(System.Nullable`1&lt;System.Boolean&gt;)" line-rate="1" branch-rate="1" complexity="NaN">
              <lines />
            </method>
            <method name="Should" signature="(System.Guid)" line-rate="1" branch-rate="1" complexity="NaN">
              <lines />
            </method>
            <method name="Should" signature="(System.Nullable`1&lt;System.Guid&gt;)" line-rate="1" branch-rate="1" complexity="NaN">
              <lines />
            </method>
            <method name="Should" signature="(System.Collections.IEnumerable)" line-rate="1" branch-rate="1" complexity="NaN">
              <lines />
            </method>
            <method name="Should" signature="(System.Collections.Generic.IEnumerable`1&lt;T&gt;)" line-rate="1" branch-rate="1" complexity="NaN">
              <lines />
            </method>
            <method name="Should" signature="(System.Collections.Generic.IEnumerable`1&lt;System.String&gt;)" line-rate="1" branch-rate="1" complexity="NaN">
              <lines />
            </method>
            <method name="Should" signature="(System.Collections.Generic.IDictionary`2&lt;TKey,TValue&gt;)" line-rate="1" branch-rate="1" complexity="NaN">
              <lines />
            </method>
            <method name="Should" signature="(System.DateTime)" line-rate="1" branch-rate="1" complexity="NaN">
              <lines />
            </method>
            <method name="Should" signature="(System.DateTimeOffset)" line-rate="1" branch-rate="1" complexity="NaN">
              <lines />
            </method>
            <method name="Should" signature="(System.Nullable`1&lt;System.DateTime&gt;)" line-rate="1" branch-rate="1" complexity="NaN">
              <lines />
            </method>
            <method name="Should" signature="(System.Nullable`1&lt;System.DateTimeOffset&gt;)" line-rate="1" branch-rate="1" complexity="NaN">
              <lines />
            </method>
            <method name="Should" signature="(System.IComparable`1&lt;T&gt;)" line-rate="1" branch-rate="1" complexity="NaN">
              <lines />
            </method>
            <method name="Should" signature="(System.Int32)" line-rate="1" branch-rate="1" complexity="NaN">
              <lines />
            </method>
            <method name="Should" signature="(System.Nullable`1&lt;System.Int32&gt;)" line-rate="1" branch-rate="1" complexity="NaN">
              <lines />
            </method>
            <method name="Should" signature="(System.UInt32)" line-rate="1" branch-rate="1" complexity="NaN">
              <lines />
            </method>
            <method name="Should" signature="(System.Nullable`1&lt;System.UInt32&gt;)" line-rate="1" branch-rate="1" complexity="NaN">
              <lines />
            </method>
            <method name="Should" signature="(System.Decimal)" line-rate="1" branch-rate="1" complexity="NaN">
              <lines />
            </method>
            <method name="Should" signature="(System.Nullable`1&lt;System.Decimal&gt;)" line-rate="1" branch-rate="1" complexity="NaN">
              <lines />
            </method>
            <method name="Should" signature="(System.Byte)" line-rate="1" branch-rate="1" complexity="NaN">
              <lines />
            </method>
            <method name="Should" signature="(System.Nullable`1&lt;System.Byte&gt;)" line-rate="1" branch-rate="1" complexity="NaN">
              <lines />
            </method>
            <method name="Should" signature="(System.SByte)" line-rate="1" branch-rate="1" complexity="NaN">
              <lines />
            </method>
            <method name="Should" signature="(System.Nullable`1&lt;System.SByte&gt;)" line-rate="1" branch-rate="1" complexity="NaN">
              <lines />
            </method>
            <method name="Should" signature="(System.Int16)" line-rate="1" branch-rate="1" complexity="NaN">
              <lines />
            </method>
            <method name="Should" signature="(System.Nullable`1&lt;System.Int16&gt;)" line-rate="1" branch-rate="1" complexity="NaN">
              <lines />
            </method>
            <method name="Should" signature="(System.UInt16)" line-rate="1" branch-rate="1" complexity="NaN">
              <lines />
            </method>
            <method name="Should" signature="(System.Nullable`1&lt;System.UInt16&gt;)" line-rate="1" branch-rate="1" complexity="NaN">
              <lines />
            </method>
            <method name="Should" signature="(System.Int64)" line-rate="1" branch-rate="1" complexity="NaN">
              <lines />
            </method>
            <method name="Should" signature="(System.Nullable`1&lt;System.Int64&gt;)" line-rate="1" branch-rate="1" complexity="NaN">
              <lines />
            </method>
            <method name="Should" signature="(System.UInt64)" line-rate="1" branch-rate="1" complexity="NaN">
              <lines />
            </method>
            <method name="Should" signature="(System.Nullable`1&lt;System.UInt64&gt;)" line-rate="1" branch-rate="1" complexity="NaN">
              <lines />
            </method>
            <method name="Should" signature="(System.Single)" line-rate="1" branch-rate="1" complexity="NaN">
              <lines />
            </method>
            <method name="Should" signature="(System.Nullable`1&lt;System.Single&gt;)" line-rate="1" branch-rate="1" complexity="NaN">
              <lines />
            </method>
            <method name="Should" signature="(System.Double)" line-rate="1" branch-rate="1" complexity="NaN">
              <lines />
            </method>
            <method name="Should" signature="(System.Nullable`1&lt;System.Double&gt;)" line-rate="1" branch-rate="1" complexity="NaN">
              <lines />
            </method>
            <method name="Should" signature="(System.String)" line-rate="1" branch-rate="1" complexity="NaN">
              <lines />
            </method>
            <method name="Should" signature="(System.TimeSpan)" line-rate="1" branch-rate="1" complexity="NaN">
              <lines />
            </method>
            <method name="Should" signature="(System.Nullable`1&lt;System.TimeSpan&gt;)" line-rate="1" branch-rate="1" complexity="NaN">
              <lines />
            </method>
            <method name="Should" signature="(System.Type)" line-rate="1" branch-rate="1" complexity="NaN">
              <lines />
            </method>
            <method name="Should" signature="(FluentAssertions.Types.TypeSelector)" line-rate="1" branch-rate="1" complexity="NaN">
              <lines />
            </method>
            <method name="Should" signature="(System.Reflection.ConstructorInfo)" line-rate="1" branch-rate="1" complexity="NaN">
              <lines />
            </method>
            <method name="Should" signature="(System.Reflection.MethodInfo)" line-rate="1" branch-rate="1" complexity="NaN">
              <lines />
            </method>
            <method name="Should" signature="(FluentAssertions.Types.MethodInfoSelector)" line-rate="1" branch-rate="1" complexity="NaN">
              <lines />
            </method>
            <method name="Should" signature="(System.Reflection.PropertyInfo)" line-rate="1" branch-rate="1" complexity="NaN">
              <lines />
            </method>
            <method name="Should" signature="(FluentAssertions.Types.PropertyInfoSelector)" line-rate="1" branch-rate="1" complexity="NaN">
              <lines />
            </method>
            <method name="Should" signature="(System.Action)" line-rate="1" branch-rate="1" complexity="NaN">
              <lines />
            </method>
            <method name="Should" signature="(System.Func`1&lt;System.Threading.Tasks.Task&gt;)" line-rate="1" branch-rate="1" complexity="NaN">
              <lines />
            </method>
            <method name="Should" signature="(System.Func`1&lt;System.Threading.Tasks.Task`1&lt;T&gt;&gt;)" line-rate="1" branch-rate="1" complexity="NaN">
              <lines />
            </method>
            <method name="Should" signature="(System.Func`1&lt;T&gt;)" line-rate="1" branch-rate="1" complexity="NaN">
              <lines />
            </method>
            <method name="Monitor" signature="(T,System.Func`1&lt;System.DateTime&gt;)" line-rate="1" branch-rate="1" complexity="NaN">
              <lines />
            </method>
            <method name="As" signature="(System.Object)" line-rate="1" branch-rate="1" complexity="NaN">
              <lines />
            </method>
            <method name=".cctor" signature="()" line-rate="1" branch-rate="1" complexity="1">
              <lines />
            </method>
            <method name="WithMessage" signature="()" line-rate="1" branch-rate="1" complexity="3">
              <lines />
            </method>
          </methods>
          <lines />
        </class>
        <class name="FluentAssertions.AssertionOptions" filename="C:\projects\fluentassertions-vf06b\Src\FluentAssertions\AssertionOptions.cs" line-rate="1" branch-rate="1" complexity="2">
          <methods>
            <method name="EquivalencySteps" signature="()" line-rate="1" branch-rate="1" complexity="NaN">
              <lines />
            </method>
            <method name="EquivalencySteps" signature="(FluentAssertions.EquivalencyStepCollection)" line-rate="1" branch-rate="1" complexity="NaN">
              <lines />
            </method>
            <method name=".cctor" signature="()" line-rate="1" branch-rate="1" complexity="1">
              <lines />
            </method>
            <method name="CloneDefaults" signature="()" line-rate="1" branch-rate="1" complexity="1">
              <lines />
            </method>
            <method name="AssertEquivalencyUsing" signature="(System.Func`2&lt;FluentAssertions.Equivalency.EquivalencyAssertionOptions,FluentAssertions.Equivalency.EquivalencyAssertionOptions&gt;)" line-rate="1" branch-rate="1" complexity="NaN">
              <lines />
            </method>
          </methods>
          <lines />
        </class>
        <class name="FluentAssertions.AtLeast" filename="C:\projects\fluentassertions-vf06b\Src\FluentAssertions\AtLeast.cs" line-rate="1" branch-rate="1" complexity="3">
          <methods>
            <method name="Once" signature="()" line-rate="1" branch-rate="1" complexity="1">
              <lines />
            </method>
            <method name="Twice" signature="()" line-rate="1" branch-rate="1" complexity="1">
              <lines />
            </method>
            <method name="Thrice" signature="()" line-rate="1" branch-rate="1" complexity="1">
              <lines />
            </method>
            <method name="Times" signature="(System.Int32)" line-rate="1" branch-rate="1" complexity="NaN">
              <lines />
            </method>
            <method name="Mode" signature="()" line-rate="1" branch-rate="1" complexity="NaN">
              <lines />
            </method>
            <method name=".ctor" signature="(System.Int32)" line-rate="1" branch-rate="1" complexity="NaN">
              <lines />
            </method>
            <method name="Assert" signature="(System.Int32)" line-rate="1" branch-rate="1" complexity="NaN">
              <lines />
            </method>
          </methods>
          <lines />
        </class>
        <class name="FluentAssertions.AtMost" filename="C:\projects\fluentassertions-vf06b\Src\FluentAssertions\AtMost.cs" line-rate="1" branch-rate="1" complexity="3">
          <methods>
            <method name="Once" signature="()" line-rate="1" branch-rate="1" complexity="1">
              <lines />
            </method>
            <method name="Twice" signature="()" line-rate="1" branch-rate="1" complexity="1">
              <lines />
            </method>
            <method name="Thrice" signature="()" line-rate="1" branch-rate="1" complexity="1">
              <lines />
            </method>
            <method name="Times" signature="(System.Int32)" line-rate="1" branch-rate="1" complexity="NaN">
              <lines />
            </method>
            <method name="Mode" signature="()" line-rate="1" branch-rate="1" complexity="NaN">
              <lines />
            </method>
            <method name=".ctor" signature="(System.Int32)" line-rate="1" branch-rate="1" complexity="NaN">
              <lines />
            </method>
            <method name="Assert" signature="(System.Int32)" line-rate="1" branch-rate="1" complexity="NaN">
              <lines />
            </method>
          </methods>
          <lines />
        </class>
        <class name="FluentAssertions.CallerIdentifier" filename="C:\projects\fluentassertions-vf06b\Src\FluentAssertions\CallerIdentifier.cs" line-rate="1" branch-rate="1" complexity="9">
          <methods>
            <method name="DetermineCallerIdentity" signature="()" line-rate="1" branch-rate="1" complexity="8">
              <lines />
            </method>
            <method name="IsCustomAssertion" signature="(System.Diagnostics.StackFrame)" line-rate="1" branch-rate="1" complexity="NaN">
              <lines />
            </method>
            <method name="IsDynamic" signature="(System.Diagnostics.StackFrame)" line-rate="1" branch-rate="1" complexity="NaN">
              <lines />
            </method>
            <method name="IsCurrentAssembly" signature="(System.Diagnostics.StackFrame)" line-rate="1" branch-rate="1" complexity="NaN">
              <lines />
            </method>
            <method name="IsDotNet" signature="(System.Diagnostics.StackFrame)" line-rate="1" branch-rate="1" complexity="NaN">
              <lines />
            </method>
            <method name="ExtractVariableNameFrom" signature="(System.Diagnostics.StackFrame)" line-rate="1" branch-rate="1" complexity="NaN">
              <lines />
            </method>
            <method name="GetSourceCodeLineFrom" signature="(System.Diagnostics.StackFrame)" line-rate="1" branch-rate="1" complexity="NaN">
              <lines />
            </method>
            <method name="UsesNewKeyword" signature="(System.String)" line-rate="1" branch-rate="1" complexity="NaN">
              <lines />
            </method>
            <method name="IsStringLiteral" signature="(System.String)" line-rate="1" branch-rate="1" complexity="NaN">
              <lines />
            </method>
            <method name="IsNumeric" signature="(System.String)" line-rate="1" branch-rate="1" complexity="NaN">
              <lines />
            </method>
            <method name="IsBooleanLiteral" signature="(System.String)" line-rate="1" branch-rate="1" complexity="NaN">
              <lines />
            </method>
            <method name=".cctor" signature="()" line-rate="1" branch-rate="1" complexity="1">
              <lines />
            </method>
          </methods>
          <lines />
        </class>
        <class name="FluentAssertions.Collections.CollectionAssertions`2" filename="C:\projects\fluentassertions-vf06b\Src\FluentAssertions\Collections\CollectionAssertions.cs" line-rate="1" branch-rate="1" complexity="1">
          <methods>
            <method name="Identifier" signature="()" line-rate="1" branch-rate="1" complexity="NaN">
              <lines />
            </method>
            <method name=".ctor" signature="()" line-rate="1" branch-rate="1" complexity="1">
              <lines />
            </method>
            <method name=".ctor" signature="(TSubject)" line-rate="1" branch-rate="1" complexity="NaN">
              <lines />
            </method>
            <method name="BeEmpty" signature="(System.String,System.Object[])" line-rate="1" branch-rate="1" complexity="NaN">
              <lines />
            </method>
            <method name="NotBeEmpty" signature="(System.String,System.Object[])" line-rate="1" branch-rate="1" complexity="NaN">
              <lines />
            </method>
            <method name="BeNullOrEmpty" signature="(System.String,System.Object[])" line-rate="1" branch-rate="1" complexity="NaN">
              <lines />
            </method>
            <method name="NotBeNullOrEmpty" signature="(System.String,System.Object[])" line-rate="1" branch-rate="1" complexity="NaN">
              <lines />
            </method>
            <method name="OnlyHaveUniqueItems" signature="(System.String,System.Object[])" line-rate="1" branch-rate="1" complexity="NaN">
              <lines />
            </method>
            <method name="NotContainNulls" signature="(System.String,System.Object[])" line-rate="1" branch-rate="1" complexity="NaN">
              <lines />
            </method>
            <method name="Equal" signature="(System.Object[])" line-rate="1" branch-rate="1" complexity="NaN">
              <lines />
            </method>
            <method name="Equal" signature="(System.Collections.IEnumerable,System.String,System.Object[])" line-rate="1" branch-rate="1" complexity="NaN">
              <lines />
            </method>
            <method name="AssertSubjectEquality" signature="(System.Collections.IEnumerable,System.Func`3&lt;TActual,TExpected,System.Boolean&gt;,System.String,System.Object[])" line-rate="1" branch-rate="1" complexity="NaN">
              <lines />
            </method>
            <method name="NotEqual" signature="(System.Collections.IEnumerable,System.String,System.Object[])" line-rate="1" branch-rate="1" complexity="NaN">
              <lines />
            </method>
            <method name="BeEquivalentTo" signature="(System.Collections.Generic.IEnumerable`1&lt;TExpectation&gt;,System.String,System.Object[])" line-rate="1" branch-rate="1" complexity="NaN">
              <lines />
            </method>
            <method name="BeEquivalentTo" signature="(System.Object[])" line-rate="1" branch-rate="1" complexity="NaN">
              <lines />
            </method>
            <method name="BeEquivalentTo" signature="(System.Collections.IEnumerable,System.String,System.Object[])" line-rate="1" branch-rate="1" complexity="NaN">
              <lines />
            </method>
            <method name="BeEquivalentTo" signature="(System.Collections.IEnumerable,System.Func`2&lt;FluentAssertions.Equivalency.EquivalencyAssertionOptions`1&lt;System.Collections.IEnumerable&gt;,FluentAssertions.Equivalency.EquivalencyAssertionOptions`1&lt;System.Collections.IEnumerable&gt;&gt;,System.String,System.Object[])" line-rate="1" branch-rate="1" complexity="NaN">
              <lines />
            </method>
            <method name="BeEquivalentTo" signature="(System.Collections.Generic.IEnumerable`1&lt;TExpectation&gt;,System.Func`2&lt;FluentAssertions.Equivalency.EquivalencyAssertionOptions`1&lt;TExpectation&gt;,FluentAssertions.Equivalency.EquivalencyAssertionOptions`1&lt;TExpectation&gt;&gt;,System.String,System.Object[])" line-rate="1" branch-rate="1" complexity="NaN">
              <lines />
            </method>
            <method name="NotBeEquivalentTo" signature="(System.Collections.IEnumerable,System.String,System.Object[])" line-rate="1" branch-rate="1" complexity="NaN">
              <lines />
            </method>
            <method name="ContainEquivalentOf" signature="(TExpectation,System.String,System.Object[])" line-rate="1" branch-rate="1" complexity="NaN">
              <lines />
            </method>
            <method name="ContainEquivalentOf" signature="(TExpectation,System.Func`2&lt;FluentAssertions.Equivalency.EquivalencyAssertionOptions`1&lt;TExpectation&gt;,FluentAssertions.Equivalency.EquivalencyAssertionOptions`1&lt;TExpectation&gt;&gt;,System.String,System.Object[])" line-rate="1" branch-rate="1" complexity="NaN">
              <lines />
            </method>
            <method name="ContainItemsAssignableTo" signature="(System.String,System.Object[])" line-rate="1" branch-rate="1" complexity="NaN">
              <lines />
            </method>
            <method name="GetMissingItems" signature="(System.Collections.Generic.IEnumerable`1&lt;T&gt;,System.Collections.Generic.IEnumerable`1&lt;T&gt;)" line-rate="1" branch-rate="1" complexity="NaN">
              <lines />
            </method>
            <method name="Contain" signature="(System.Collections.IEnumerable,System.String,System.Object[])" line-rate="1" branch-rate="1" complexity="NaN">
              <lines />
            </method>
            <method name="ContainInOrder" signature="(System.Object[])" line-rate="1" branch-rate="1" complexity="NaN">
              <lines />
            </method>
            <method name="ContainInOrder" signature="(System.Collections.IEnumerable,System.String,System.Object[])" line-rate="1" branch-rate="1" complexity="NaN">
              <lines />
            </method>
            <method name="BeInAscendingOrder" signature="(System.String,System.Object[])" line-rate="1" branch-rate="1" complexity="NaN">
              <lines />
            </method>
            <method name="BeInAscendingOrder" signature="(System.Collections.Generic.IComparer`1&lt;System.Object&gt;,System.String,System.Object[])" line-rate="1" branch-rate="1" complexity="NaN">
              <lines />
            </method>
            <method name="BeInDescendingOrder" signature="(System.String,System.Object[])" line-rate="1" branch-rate="1" complexity="NaN">
              <lines />
            </method>
            <method name="BeInDescendingOrder" signature="(System.Collections.Generic.IComparer`1&lt;System.Object&gt;,System.String,System.Object[])" line-rate="1" branch-rate="1" complexity="NaN">
              <lines />
            </method>
            <method name="BeInOrder" signature="(System.Collections.Generic.IComparer`1&lt;System.Object&gt;,FluentAssertions.Collections.SortOrder,System.String,System.Object[])" line-rate="1" branch-rate="1" complexity="NaN">
              <lines />
            </method>
            <method name="NotBeAscendingInOrder" signature="(System.String,System.Object[])" line-rate="1" branch-rate="1" complexity="NaN">
              <lines />
            </method>
            <method name="NotBeInAscendingOrder" signature="(System.String,System.Object[])" line-rate="1" branch-rate="1" complexity="NaN">
              <lines />
            </method>
            <method name="NotBeAscendingInOrder" signature="(System.Collections.Generic.IComparer`1&lt;System.Object&gt;,System.String,System.Object[])" line-rate="1" branch-rate="1" complexity="NaN">
              <lines />
            </method>
            <method name="NotBeInAscendingOrder" signature="(System.Collections.Generic.IComparer`1&lt;System.Object&gt;,System.String,System.Object[])" line-rate="1" branch-rate="1" complexity="NaN">
              <lines />
            </method>
            <method name="NotBeDescendingInOrder" signature="(System.String,System.Object[])" line-rate="1" branch-rate="1" complexity="NaN">
              <lines />
            </method>
            <method name="NotBeInDescendingOrder" signature="(System.String,System.Object[])" line-rate="1" branch-rate="1" complexity="NaN">
              <lines />
            </method>
            <method name="NotBeDescendingInOrder" signature="(System.Collections.Generic.IComparer`1&lt;System.Object&gt;,System.String,System.Object[])" line-rate="1" branch-rate="1" complexity="NaN">
              <lines />
            </method>
            <method name="NotBeInDescendingOrder" signature="(System.Collections.Generic.IComparer`1&lt;System.Object&gt;,System.String,System.Object[])" line-rate="1" branch-rate="1" complexity="NaN">
              <lines />
            </method>
            <method name="NotBeInOrder" signature="(System.Collections.Generic.IComparer`1&lt;System.Object&gt;,FluentAssertions.Collections.SortOrder,System.String,System.Object[])" line-rate="1" branch-rate="1" complexity="NaN">
              <lines />
            </method>
            <method name="BeSubsetOf" signature="(System.Collections.IEnumerable,System.String,System.Object[])" line-rate="1" branch-rate="1" complexity="NaN">
              <lines />
            </method>
            <method name="NotBeSubsetOf" signature="(System.Collections.IEnumerable,System.String,System.Object[])" line-rate="1" branch-rate="1" complexity="NaN">
              <lines />
            </method>
            <method name="HaveSameCount" signature="(System.Collections.IEnumerable,System.String,System.Object[])" line-rate="1" branch-rate="1" complexity="NaN">
              <lines />
            </method>
            <method name="NotHaveSameCount" signature="(System.Collections.IEnumerable,System.String,System.Object[])" line-rate="1" branch-rate="1" complexity="NaN">
              <lines />
            </method>
            <method name="HaveElementAt" signature="(System.Int32,System.Object,System.String,System.Object[])" line-rate="1" branch-rate="1" complexity="NaN">
              <lines />
            </method>
            <method name="NotContain" signature="(System.Collections.IEnumerable,System.String,System.Object[])" line-rate="1" branch-rate="1" complexity="NaN">
              <lines />
            </method>
            <method name="IntersectWith" signature="(System.Collections.IEnumerable,System.String,System.Object[])" line-rate="1" branch-rate="1" complexity="NaN">
              <lines />
            </method>
            <method name="NotIntersectWith" signature="(System.Collections.IEnumerable,System.String,System.Object[])" line-rate="1" branch-rate="1" complexity="NaN">
              <lines />
            </method>
            <method name="StartWith" signature="(System.Object,System.String,System.Object[])" line-rate="1" branch-rate="1" complexity="NaN">
              <lines />
            </method>
            <method name="AssertCollectionStartsWith" signature="(System.Collections.Generic.IEnumerable`1&lt;TActual&gt;,TExpected[],System.Func`3&lt;TActual,TExpected,System.Boolean&gt;,System.String,System.Object[])" line-rate="1" branch-rate="1" complexity="NaN">
              <lines />
            </method>
            <method name="AssertCollectionStartsWith" signature="(System.Collections.Generic.IEnumerable`1&lt;TActual&gt;,System.Collections.Generic.ICollection`1&lt;TExpected&gt;,System.Func`3&lt;TActual,TExpected,System.Boolean&gt;,System.String,System.Object[])" line-rate="1" branch-rate="1" complexity="NaN">
              <lines />
            </method>
            <method name="EndWith" signature="(System.Object,System.String,System.Object[])" line-rate="1" branch-rate="1" complexity="NaN">
              <lines />
            </method>
            <method name="AssertCollectionEndsWith" signature="(System.Collections.Generic.IEnumerable`1&lt;TActual&gt;,TExpected[],System.Func`3&lt;TActual,TExpected,System.Boolean&gt;,System.String,System.Object[])" line-rate="1" branch-rate="1" complexity="NaN">
              <lines />
            </method>
            <method name="AssertCollectionEndsWith" signature="(System.Collections.Generic.IEnumerable`1&lt;TActual&gt;,System.Collections.Generic.ICollection`1&lt;TExpected&gt;,System.Func`3&lt;TActual,TExpected,System.Boolean&gt;,System.String,System.Object[])" line-rate="1" branch-rate="1" complexity="NaN">
              <lines />
            </method>
            <method name="HaveElementPreceding" signature="(System.Object,System.Object,System.String,System.Object[])" line-rate="1" branch-rate="1" complexity="NaN">
              <lines />
            </method>
            <method name="HasPredecessor" signature="(System.Object,System.Collections.Generic.IEnumerable`1&lt;System.Object&gt;)" line-rate="1" branch-rate="1" complexity="NaN">
              <lines />
            </method>
            <method name="PredecessorOf" signature="(System.Object,System.Collections.Generic.IEnumerable`1&lt;System.Object&gt;)" line-rate="1" branch-rate="1" complexity="NaN">
              <lines />
            </method>
            <method name="HaveElementSucceeding" signature="(System.Object,System.Object,System.String,System.Object[])" line-rate="1" branch-rate="1" complexity="NaN">
              <lines />
            </method>
            <method name="HasSuccessor" signature="(System.Object,System.Collections.Generic.IEnumerable`1&lt;System.Object&gt;)" line-rate="1" branch-rate="1" complexity="NaN">
              <lines />
            </method>
            <method name="SuccessorOf" signature="(System.Object,System.Collections.Generic.IEnumerable`1&lt;System.Object&gt;)" line-rate="1" branch-rate="1" complexity="NaN">
              <lines />
            </method>
            <method name="AllBeAssignableTo" signature="(System.String,System.Object[])" line-rate="1" branch-rate="1" complexity="NaN">
              <lines />
            </method>
            <method name="AllBeAssignableTo" signature="(System.Type,System.String,System.Object[])" line-rate="1" branch-rate="1" complexity="NaN">
              <lines />
            </method>
            <method name="AllBeOfType" signature="(System.String,System.Object[])" line-rate="1" branch-rate="1" complexity="NaN">
              <lines />
            </method>
            <method name="AllBeOfType" signature="(System.Type,System.String,System.Object[])" line-rate="1" branch-rate="1" complexity="NaN">
              <lines />
            </method>
            <method name="GetType" signature="(System.Object)" line-rate="1" branch-rate="1" complexity="NaN">
              <lines />
            </method>
          </methods>
          <lines />
        </class>
        <class name="FluentAssertions.Collections.GenericCollectionAssertions`1" filename="C:\projects\fluentassertions-vf06b\Src\FluentAssertions\Collections\GenericCollectionAssertions.cs" line-rate="1" branch-rate="1" complexity="4">
          <methods>
            <method name=".ctor" signature="(System.Collections.Generic.IEnumerable`1&lt;T&gt;)" line-rate="1" branch-rate="1" complexity="NaN">
              <lines />
            </method>
            <method name="NotContainNulls" signature="(System.Linq.Expressions.Expression`1&lt;System.Func`2&lt;T,TKey&gt;&gt;,System.String,System.Object[])" line-rate="1" branch-rate="1" complexity="NaN">
              <lines />
            </method>
            <method name="OnlyHaveUniqueItems" signature="(System.Linq.Expressions.Expression`1&lt;System.Func`2&lt;T,TKey&gt;&gt;,System.String,System.Object[])" line-rate="1" branch-rate="1" complexity="NaN">
              <lines />
            </method>
            <method name="BeInAscendingOrder" signature="(System.Linq.Expressions.Expression`1&lt;System.Func`2&lt;T,TSelector&gt;&gt;,System.String,System.Object[])" line-rate="1" branch-rate="1" complexity="NaN">
              <lines />
            </method>
            <method name="NotBeInAscendingOrder" signature="(System.Linq.Expressions.Expression`1&lt;System.Func`2&lt;T,TSelector&gt;&gt;,System.String,System.Object[])" line-rate="1" branch-rate="1" complexity="NaN">
              <lines />
            </method>
            <method name="BeInAscendingOrder" signature="(System.Collections.Generic.IComparer`1&lt;T&gt;,System.String,System.Object[])" line-rate="1" branch-rate="1" complexity="NaN">
              <lines />
            </method>
            <method name="NotBeInAscendingOrder" signature="(System.Collections.Generic.IComparer`1&lt;T&gt;,System.String,System.Object[])" line-rate="1" branch-rate="1" complexity="NaN">
              <lines />
            </method>
            <method name="BeInAscendingOrder" signature="(System.Linq.Expressions.Expression`1&lt;System.Func`2&lt;T,TSelector&gt;&gt;,System.Collections.Generic.IComparer`1&lt;TSelector&gt;,System.String,System.Object[])" line-rate="1" branch-rate="1" complexity="NaN">
              <lines />
            </method>
            <method name="NotBeInAscendingOrder" signature="(System.Linq.Expressions.Expression`1&lt;System.Func`2&lt;T,TSelector&gt;&gt;,System.Collections.Generic.IComparer`1&lt;TSelector&gt;,System.String,System.Object[])" line-rate="1" branch-rate="1" complexity="NaN">
              <lines />
            </method>
            <method name="BeInDescendingOrder" signature="(System.Linq.Expressions.Expression`1&lt;System.Func`2&lt;T,TSelector&gt;&gt;,System.String,System.Object[])" line-rate="1" branch-rate="1" complexity="NaN">
              <lines />
            </method>
            <method name="NotBeInDescendingOrder" signature="(System.Linq.Expressions.Expression`1&lt;System.Func`2&lt;T,TSelector&gt;&gt;,System.String,System.Object[])" line-rate="1" branch-rate="1" complexity="NaN">
              <lines />
            </method>
            <method name="BeInDescendingOrder" signature="(System.Collections.Generic.IComparer`1&lt;T&gt;,System.String,System.Object[])" line-rate="1" branch-rate="1" complexity="NaN">
              <lines />
            </method>
            <method name="NotBeInDescendingOrder" signature="(System.Collections.Generic.IComparer`1&lt;T&gt;,System.String,System.Object[])" line-rate="1" branch-rate="1" complexity="NaN">
              <lines />
            </method>
            <method name="BeInDescendingOrder" signature="(System.Linq.Expressions.Expression`1&lt;System.Func`2&lt;T,TSelector&gt;&gt;,System.Collections.Generic.IComparer`1&lt;TSelector&gt;,System.String,System.Object[])" line-rate="1" branch-rate="1" complexity="NaN">
              <lines />
            </method>
            <method name="NotBeInDescendingOrder" signature="(System.Linq.Expressions.Expression`1&lt;System.Func`2&lt;T,TSelector&gt;&gt;,System.Collections.Generic.IComparer`1&lt;TSelector&gt;,System.String,System.Object[])" line-rate="1" branch-rate="1" complexity="NaN">
              <lines />
            </method>
            <method name="BeOrderedBy" signature="(System.Linq.Expressions.Expression`1&lt;System.Func`2&lt;T,TSelector&gt;&gt;,System.Collections.Generic.IComparer`1&lt;TSelector&gt;,FluentAssertions.Collections.SortOrder,System.String,System.Object[])" line-rate="1" branch-rate="1" complexity="NaN">
              <lines />
            </method>
            <method name="NotBeOrderedBy" signature="(System.Linq.Expressions.Expression`1&lt;System.Func`2&lt;T,TSelector&gt;&gt;,System.Collections.Generic.IComparer`1&lt;TSelector&gt;,FluentAssertions.Collections.SortOrder,System.String,System.Object[])" line-rate="1" branch-rate="1" complexity="NaN">
              <lines />
            </method>
            <method name="IsValidProperty" signature="(System.Linq.Expressions.Expression`1&lt;System.Func`2&lt;T,TSelector&gt;&gt;,System.String,System.Object[])" line-rate="1" branch-rate="1" complexity="NaN">
              <lines />
            </method>
            <method name="ConvertToOrderedEnumerable" signature="(System.Linq.Expressions.Expression`1&lt;System.Func`2&lt;T,TSelector&gt;&gt;,System.Collections.Generic.IComparer`1&lt;TSelector&gt;,FluentAssertions.Collections.SortOrder,System.Collections.Generic.ICollection`1&lt;T&gt;)" line-rate="1" branch-rate="1" complexity="NaN">
              <lines />
            </method>
            <method name="GetExpressionOrderString" signature="(System.Linq.Expressions.Expression`1&lt;System.Func`2&lt;T,TSelector&gt;&gt;)" line-rate="1" branch-rate="1" complexity="NaN">
              <lines />
            </method>
            <method name="AllBeEquivalentTo" signature="(TExpectation,System.String,System.Object[])" line-rate="1" branch-rate="1" complexity="NaN">
              <lines />
            </method>
            <method name="AllBeEquivalentTo" signature="(TExpectation,System.Func`2&lt;FluentAssertions.Equivalency.EquivalencyAssertionOptions`1&lt;TExpectation&gt;,FluentAssertions.Equivalency.EquivalencyAssertionOptions`1&lt;TExpectation&gt;&gt;,System.String,System.Object[])" line-rate="1" branch-rate="1" complexity="NaN">
              <lines />
            </method>
            <method name="RepeatAsManyAs" signature="(TExpectation,System.Collections.Generic.IEnumerable`1&lt;T&gt;)" line-rate="1" branch-rate="1" complexity="NaN">
              <lines />
            </method>
            <method name="RepeatAsManyAsIterator" signature="()" line-rate="1" branch-rate="1" complexity="4">
              <lines />
            </method>
          </methods>
          <lines />
        </class>
        <class name="FluentAssertions.Collections.GenericDictionaryAssertions`2" filename="C:\projects\fluentassertions-vf06b\Src\FluentAssertions\Collections\GenericDictionaryAssertions.cs" line-rate="1" branch-rate="1" complexity="NaN">
          <methods>
            <method name="Identifier" signature="()" line-rate="1" branch-rate="1" complexity="NaN">
              <lines />
            </method>
            <method name=".ctor" signature="(System.Collections.Generic.IDictionary`2&lt;TKey,TValue&gt;)" line-rate="1" branch-rate="1" complexity="NaN">
              <lines />
            </method>
            <method name="HaveCount" signature="(System.Int32,System.String,System.Object[])" line-rate="1" branch-rate="1" complexity="NaN">
              <lines />
            </method>
            <method name="NotHaveCount" signature="(System.Int32,System.String,System.Object[])" line-rate="1" branch-rate="1" complexity="NaN">
              <lines />
            </method>
            <method name="HaveCountGreaterThan" signature="(System.Int32,System.String,System.Object[])" line-rate="1" branch-rate="1" complexity="NaN">
              <lines />
            </method>
            <method name="HaveCountGreaterOrEqualTo" signature="(System.Int32,System.String,System.Object[])" line-rate="1" branch-rate="1" complexity="NaN">
              <lines />
            </method>
            <method name="HaveCountLessThan" signature="(System.Int32,System.String,System.Object[])" line-rate="1" branch-rate="1" complexity="NaN">
              <lines />
            </method>
            <method name="HaveCountLessOrEqualTo" signature="(System.Int32,System.String,System.Object[])" line-rate="1" branch-rate="1" complexity="NaN">
              <lines />
            </method>
            <method name="HaveCount" signature="(System.Linq.Expressions.Expression`1&lt;System.Func`2&lt;System.Int32,System.Boolean&gt;&gt;,System.String,System.Object[])" line-rate="1" branch-rate="1" complexity="NaN">
              <lines />
            </method>
            <method name="HaveSameCount" signature="(System.Collections.IEnumerable,System.String,System.Object[])" line-rate="1" branch-rate="1" complexity="NaN">
              <lines />
            </method>
            <method name="NotHaveSameCount" signature="(System.Collections.IEnumerable,System.String,System.Object[])" line-rate="1" branch-rate="1" complexity="NaN">
              <lines />
            </method>
            <method name="BeEmpty" signature="(System.String,System.Object[])" line-rate="1" branch-rate="1" complexity="NaN">
              <lines />
            </method>
            <method name="NotBeEmpty" signature="(System.String,System.Object[])" line-rate="1" branch-rate="1" complexity="NaN">
              <lines />
            </method>
            <method name="Equal" signature="(System.Collections.Generic.IDictionary`2&lt;TKey,TValue&gt;,System.String,System.Object[])" line-rate="1" branch-rate="1" complexity="NaN">
              <lines />
            </method>
            <method name="NotEqual" signature="(System.Collections.Generic.IDictionary`2&lt;TKey,TValue&gt;,System.String,System.Object[])" line-rate="1" branch-rate="1" complexity="NaN">
              <lines />
            </method>
            <method name="BeEquivalentTo" signature="(TExpectation,System.String,System.Object[])" line-rate="1" branch-rate="1" complexity="NaN">
              <lines />
            </method>
            <method name="BeEquivalentTo" signature="(TExpectation,System.Func`2&lt;FluentAssertions.Equivalency.EquivalencyAssertionOptions`1&lt;TExpectation&gt;,FluentAssertions.Equivalency.EquivalencyAssertionOptions`1&lt;TExpectation&gt;&gt;,System.String,System.Object[])" line-rate="1" branch-rate="1" complexity="NaN">
              <lines />
            </method>
            <method name="ContainKey" signature="(TKey,System.String,System.Object[])" line-rate="1" branch-rate="1" complexity="NaN">
              <lines />
            </method>
            <method name="ContainKeys" signature="(TKey[])" line-rate="1" branch-rate="1" complexity="NaN">
              <lines />
            </method>
            <method name="ContainKeys" signature="(System.Collections.Generic.IEnumerable`1&lt;TKey&gt;,System.String,System.Object[])" line-rate="1" branch-rate="1" complexity="NaN">
              <lines />
            </method>
            <method name="NotContainKey" signature="(TKey,System.String,System.Object[])" line-rate="1" branch-rate="1" complexity="NaN">
              <lines />
            </method>
            <method name="NotContainKeys" signature="(TKey[])" line-rate="1" branch-rate="1" complexity="NaN">
              <lines />
            </method>
            <method name="NotContainKeys" signature="(System.Collections.Generic.IEnumerable`1&lt;TKey&gt;,System.String,System.Object[])" line-rate="1" branch-rate="1" complexity="NaN">
              <lines />
            </method>
            <method name="ContainValue" signature="(TValue,System.String,System.Object[])" line-rate="1" branch-rate="1" complexity="NaN">
              <lines />
            </method>
            <method name="ContainValues" signature="(TValue[])" line-rate="1" branch-rate="1" complexity="NaN">
              <lines />
            </method>
            <method name="ContainValues" signature="(System.Collections.Generic.IEnumerable`1&lt;TValue&gt;,System.String,System.Object[])" line-rate="1" branch-rate="1" complexity="NaN">
              <lines />
            </method>
            <method name="ContainValuesAndWhich" signature="(System.Collections.Generic.IEnumerable`1&lt;TValue&gt;,System.String,System.Object[])" line-rate="1" branch-rate="1" complexity="NaN">
              <lines />
            </method>
            <method name="RepetitionPreservingIntersect" signature="(System.Collections.Generic.IEnumerable`1&lt;TValue&gt;,System.Collections.Generic.IEnumerable`1&lt;TValue&gt;)" line-rate="1" branch-rate="1" complexity="NaN">
              <lines />
            </method>
            <method name="NotContainValue" signature="(TValue,System.String,System.Object[])" line-rate="1" branch-rate="1" complexity="NaN">
              <lines />
            </method>
            <method name="NotContainValues" signature="(TValue[])" line-rate="1" branch-rate="1" complexity="NaN">
              <lines />
            </method>
            <method name="NotContainValues" signature="(System.Collections.Generic.IEnumerable`1&lt;TValue&gt;,System.String,System.Object[])" line-rate="1" branch-rate="1" complexity="NaN">
              <lines />
            </method>
            <method name="Contain" signature="(System.Collections.Generic.KeyValuePair`2&lt;TKey,TValue&gt;[])" line-rate="1" branch-rate="1" complexity="NaN">
              <lines />
            </method>
            <method name="Contain" signature="(System.Collections.Generic.IEnumerable`1&lt;System.Collections.Generic.KeyValuePair`2&lt;TKey,TValue&gt;&gt;,System.String,System.Object[])" line-rate="1" branch-rate="1" complexity="NaN">
              <lines />
            </method>
            <method name="Contain" signature="(System.Collections.Generic.KeyValuePair`2&lt;TKey,TValue&gt;,System.String,System.Object[])" line-rate="1" branch-rate="1" complexity="NaN">
              <lines />
            </method>
            <method name="Contain" signature="(TKey,TValue,System.String,System.Object[])" line-rate="1" branch-rate="1" complexity="NaN">
              <lines />
            </method>
            <method name="NotContain" signature="(System.Collections.Generic.KeyValuePair`2&lt;TKey,TValue&gt;[])" line-rate="1" branch-rate="1" complexity="NaN">
              <lines />
            </method>
            <method name="NotContain" signature="(System.Collections.Generic.IEnumerable`1&lt;System.Collections.Generic.KeyValuePair`2&lt;TKey,TValue&gt;&gt;,System.String,System.Object[])" line-rate="1" branch-rate="1" complexity="NaN">
              <lines />
            </method>
            <method name="NotContain" signature="(System.Collections.Generic.KeyValuePair`2&lt;TKey,TValue&gt;,System.String,System.Object[])" line-rate="1" branch-rate="1" complexity="NaN">
              <lines />
            </method>
            <method name="NotContain" signature="(TKey,TValue,System.String,System.Object[])" line-rate="1" branch-rate="1" complexity="NaN">
              <lines />
            </method>
          </methods>
          <lines />
        </class>
        <class name="FluentAssertions.Collections.NonGenericCollectionAssertions" filename="C:\projects\fluentassertions-vf06b\Src\FluentAssertions\Collections\NonGenericCollectionAssertions.cs" line-rate="1" branch-rate="1" complexity="2">
          <methods>
            <method name=".ctor" signature="(System.Collections.IEnumerable)" line-rate="1" branch-rate="1" complexity="NaN">
              <lines />
            </method>
            <method name="HaveCount" signature="(System.Int32,System.String,System.Object[])" line-rate="1" branch-rate="1" complexity="NaN">
              <lines />
            </method>
            <method name="NotHaveCount" signature="(System.Int32,System.String,System.Object[])" line-rate="1" branch-rate="1" complexity="NaN">
              <lines />
            </method>
            <method name="HaveCountGreaterThan" signature="(System.Int32,System.String,System.Object[])" line-rate="1" branch-rate="1" complexity="NaN">
              <lines />
            </method>
            <method name="HaveCountGreaterOrEqualTo" signature="(System.Int32,System.String,System.Object[])" line-rate="1" branch-rate="1" complexity="NaN">
              <lines />
            </method>
            <method name="HaveCountLessThan" signature="(System.Int32,System.String,System.Object[])" line-rate="1" branch-rate="1" complexity="NaN">
              <lines />
            </method>
            <method name="HaveCountLessOrEqualTo" signature="(System.Int32,System.String,System.Object[])" line-rate="1" branch-rate="1" complexity="NaN">
              <lines />
            </method>
            <method name="HaveCount" signature="(System.Linq.Expressions.Expression`1&lt;System.Func`2&lt;System.Int32,System.Boolean&gt;&gt;,System.String,System.Object[])" line-rate="1" branch-rate="1" complexity="NaN">
              <lines />
            </method>
            <method name="GetMostLocalCount" signature="()" line-rate="1" branch-rate="1" complexity="2">
              <lines />
            </method>
            <method name="Contain" signature="(System.Object,System.String,System.Object[])" line-rate="1" branch-rate="1" complexity="NaN">
              <lines />
            </method>
            <method name="NotContain" signature="(System.Object,System.String,System.Object[])" line-rate="1" branch-rate="1" complexity="NaN">
              <lines />
            </method>
          </methods>
          <lines />
        </class>
        <class name="FluentAssertions.Collections.SelfReferencingCollectionAssertions`2" filename="C:\projects\fluentassertions-vf06b\Src\FluentAssertions\Collections\SelfReferencingCollectionAssertions.cs" line-rate="1" branch-rate="1" complexity="4">
          <methods>
            <method name=".ctor" signature="(System.Collections.Generic.IEnumerable`1&lt;T&gt;)" line-rate="1" branch-rate="1" complexity="NaN">
              <lines />
            </method>
            <method name="HaveCount" signature="(System.Int32,System.String,System.Object[])" line-rate="1" branch-rate="1" complexity="NaN">
              <lines />
            </method>
            <method name="HaveCount" signature="(System.Linq.Expressions.Expression`1&lt;System.Func`2&lt;System.Int32,System.Boolean&gt;&gt;,System.String,System.Object[])" line-rate="1" branch-rate="1" complexity="NaN">
              <lines />
            </method>
            <method name="NotHaveCount" signature="(System.Int32,System.String,System.Object[])" line-rate="1" branch-rate="1" complexity="NaN">
              <lines />
            </method>
            <method name="HaveCountGreaterThan" signature="(System.Int32,System.String,System.Object[])" line-rate="1" branch-rate="1" complexity="NaN">
              <lines />
            </method>
            <method name="HaveCountGreaterOrEqualTo" signature="(System.Int32,System.String,System.Object[])" line-rate="1" branch-rate="1" complexity="NaN">
              <lines />
            </method>
            <method name="HaveCountLessThan" signature="(System.Int32,System.String,System.Object[])" line-rate="1" branch-rate="1" complexity="NaN">
              <lines />
            </method>
            <method name="HaveCountLessOrEqualTo" signature="(System.Int32,System.String,System.Object[])" line-rate="1" branch-rate="1" complexity="NaN">
              <lines />
            </method>
            <method name="Equal" signature="(T[])" line-rate="1" branch-rate="1" complexity="NaN">
              <lines />
            </method>
            <method name="GetComparer" signature="()" line-rate="1" branch-rate="1" complexity="4">
              <lines />
            </method>
            <method name="Equal" signature="(System.Collections.Generic.IEnumerable`1&lt;TExpected&gt;,System.Func`3&lt;T,TExpected,System.Boolean&gt;,System.String,System.Object[])" line-rate="1" branch-rate="1" complexity="NaN">
              <lines />
            </method>
            <method name="StartWith" signature="(System.Collections.Generic.IEnumerable`1&lt;T&gt;,System.String,System.Object[])" line-rate="1" branch-rate="1" complexity="NaN">
              <lines />
            </method>
            <method name="StartWith" signature="(System.Collections.Generic.IEnumerable`1&lt;TExpected&gt;,System.Func`3&lt;T,TExpected,System.Boolean&gt;,System.String,System.Object[])" line-rate="1" branch-rate="1" complexity="NaN">
              <lines />
            </method>
            <method name="EndWith" signature="(System.Collections.Generic.IEnumerable`1&lt;T&gt;,System.String,System.Object[])" line-rate="1" branch-rate="1" complexity="NaN">
              <lines />
            </method>
            <method name="EndWith" signature="(System.Collections.Generic.IEnumerable`1&lt;TExpected&gt;,System.Func`3&lt;T,TExpected,System.Boolean&gt;,System.String,System.Object[])" line-rate="1" branch-rate="1" complexity="NaN">
              <lines />
            </method>
            <method name="Contain" signature="(T,System.String,System.Object[])" line-rate="1" branch-rate="1" complexity="NaN">
              <lines />
            </method>
            <method name="Contain" signature="(System.Collections.Generic.IEnumerable`1&lt;T&gt;,T[])" line-rate="1" branch-rate="1" complexity="NaN">
              <lines />
            </method>
            <method name="Contain" signature="(System.Linq.Expressions.Expression`1&lt;System.Func`2&lt;T,System.Boolean&gt;&gt;,System.String,System.Object[])" line-rate="1" branch-rate="1" complexity="NaN">
              <lines />
            </method>
            <method name="OnlyContain" signature="(System.Linq.Expressions.Expression`1&lt;System.Func`2&lt;T,System.Boolean&gt;&gt;,System.String,System.Object[])" line-rate="1" branch-rate="1" complexity="NaN">
              <lines />
            </method>
            <method name="NotContain" signature="(T,System.String,System.Object[])" line-rate="1" branch-rate="1" complexity="NaN">
              <lines />
            </method>
            <method name="NotContain" signature="(System.Collections.Generic.IEnumerable`1&lt;T&gt;,T[])" line-rate="1" branch-rate="1" complexity="NaN">
              <lines />
            </method>
            <method name="NotContain" signature="(System.Linq.Expressions.Expression`1&lt;System.Func`2&lt;T,System.Boolean&gt;&gt;,System.String,System.Object[])" line-rate="1" branch-rate="1" complexity="NaN">
              <lines />
            </method>
            <method name="ContainSingle" signature="(System.String,System.Object[])" line-rate="1" branch-rate="1" complexity="NaN">
              <lines />
            </method>
            <method name="ContainSingle" signature="(System.Linq.Expressions.Expression`1&lt;System.Func`2&lt;T,System.Boolean&gt;&gt;,System.String,System.Object[])" line-rate="1" branch-rate="1" complexity="NaN">
              <lines />
            </method>
            <method name="SatisfyRespectively" signature="(System.Action`1&lt;T&gt;[])" line-rate="1" branch-rate="1" complexity="NaN">
              <lines />
            </method>
            <method name="SatisfyRespectively" signature="(System.Collections.Generic.IEnumerable`1&lt;System.Action`1&lt;T&gt;&gt;,System.String,System.Object[])" line-rate="1" branch-rate="1" complexity="NaN">
              <lines />
            </method>
            <method name="CollectFailuresFromInspectors" signature="(System.Collections.Generic.IEnumerable`1&lt;System.Action`1&lt;T&gt;&gt;)" line-rate="1" branch-rate="1" complexity="NaN">
              <lines />
            </method>
          </methods>
          <lines />
        </class>
        <class name="FluentAssertions.Collections.StringCollectionAssertions" filename="C:\projects\fluentassertions-vf06b\Src\FluentAssertions\Collections\StringCollectionAssertions.cs" line-rate="1" branch-rate="1" complexity="NaN">
          <methods>
            <method name=".ctor" signature="(System.Collections.Generic.IEnumerable`1&lt;System.String&gt;)" line-rate="1" branch-rate="1" complexity="NaN">
              <lines />
            </method>
            <method name="Equal" signature="(System.String[])" line-rate="1" branch-rate="1" complexity="NaN">
              <lines />
            </method>
            <method name="Equal" signature="(System.Collections.Generic.IEnumerable`1&lt;System.String&gt;)" line-rate="1" branch-rate="1" complexity="NaN">
              <lines />
            </method>
            <method name="BeEquivalentTo" signature="(System.String[])" line-rate="1" branch-rate="1" complexity="NaN">
              <lines />
            </method>
            <method name="BeEquivalentTo" signature="(System.Collections.Generic.IEnumerable`1&lt;System.String&gt;,System.String,System.Object[])" line-rate="1" branch-rate="1" complexity="NaN">
              <lines />
            </method>
            <method name="BeEquivalentTo" signature="(System.Collections.Generic.IEnumerable`1&lt;System.String&gt;,System.Func`2&lt;FluentAssertions.Equivalency.EquivalencyAssertionOptions`1&lt;System.String&gt;,FluentAssertions.Equivalency.EquivalencyAssertionOptions`1&lt;System.String&gt;&gt;,System.String,System.Object[])" line-rate="1" branch-rate="1" complexity="NaN">
              <lines />
            </method>
            <method name="ContainInOrder" signature="(System.String[])" line-rate="1" branch-rate="1" complexity="NaN">
              <lines />
            </method>
            <method name="ContainInOrder" signature="(System.Collections.Generic.IEnumerable`1&lt;System.String&gt;,System.String,System.Object[])" line-rate="1" branch-rate="1" complexity="NaN">
              <lines />
            </method>
            <method name="Contain" signature="(System.Collections.Generic.IEnumerable`1&lt;System.String&gt;)" line-rate="1" branch-rate="1" complexity="NaN">
              <lines />
            </method>
            <method name="Contain" signature="(System.Collections.Generic.IEnumerable`1&lt;System.String&gt;,System.String,System.Object,System.Object[])" line-rate="1" branch-rate="1" complexity="NaN">
              <lines />
            </method>
            <method name="NotContain" signature="(System.Collections.Generic.IEnumerable`1&lt;System.String&gt;,System.String,System.Object,System.Object[])" line-rate="1" branch-rate="1" complexity="NaN">
              <lines />
            </method>
            <method name="ContainMatch" signature="(System.String,System.String,System.Object[])" line-rate="1" branch-rate="1" complexity="NaN">
              <lines />
            </method>
            <method name="ContainsMatch" signature="(System.String)" line-rate="1" branch-rate="1" complexity="NaN">
              <lines />
            </method>
            <method name="AllThatMatch" signature="(System.String)" line-rate="1" branch-rate="1" complexity="NaN">
              <lines />
            </method>
          </methods>
          <lines />
        </class>
        <class name="FluentAssertions.Collections.WhichValueConstraint`2" filename="C:\projects\fluentassertions-vf06b\Src\FluentAssertions\Collections\WhichValueConstraint.cs" line-rate="1" branch-rate="1" complexity="NaN">
          <methods>
            <method name="WhichValue" signature="()" line-rate="1" branch-rate="1" complexity="NaN">
              <lines />
            </method>
            <method name="WhichValue" signature="(TValue)" line-rate="1" branch-rate="1" complexity="NaN">
              <lines />
            </method>
            <method name=".ctor" signature="(FluentAssertions.Collections.GenericDictionaryAssertions`2&lt;TKey,TValue&gt;,TValue)" line-rate="1" branch-rate="1" complexity="NaN">
              <lines />
            </method>
          </methods>
          <lines />
        </class>
        <class name="FluentAssertions.Common.AppSettingsConfigurationStore" filename="C:\projects\fluentassertions-vf06b\Src\FluentAssertions\Common\AppSettingsConfigurationStore.cs" line-rate="1" branch-rate="1" complexity="NaN">
          <methods>
            <method name="GetSetting" signature="(System.String)" line-rate="1" branch-rate="1" complexity="NaN">
              <lines />
            </method>
          </methods>
          <lines />
        </class>
        <class name="FluentAssertions.Common.Clock" filename="C:\projects\fluentassertions-vf06b\Src\FluentAssertions\Common\Clock.cs" line-rate="1" branch-rate="1" complexity="1">
          <methods>
            <method name="Delay" signature="(System.TimeSpan)" line-rate="1" branch-rate="1" complexity="NaN">
              <lines />
            </method>
            <method name="DelayAsync" signature="(System.TimeSpan,System.Threading.CancellationToken)" line-rate="1" branch-rate="1" complexity="NaN">
              <lines />
            </method>
            <method name="Wait" signature="(System.Threading.Tasks.Task,System.TimeSpan)" line-rate="1" branch-rate="1" complexity="NaN">
              <lines />
            </method>
            <method name="StartTimer" signature="()" line-rate="1" branch-rate="1" complexity="1">
              <lines />
            </method>
          </methods>
          <lines />
        </class>
        <class name="FluentAssertions.Common.Configuration" filename="C:\projects\fluentassertions-vf06b\Src\FluentAssertions\Common\Configuration.cs" line-rate="1" branch-rate="1" complexity="3">
          <methods>
            <method name="Current" signature="()" line-rate="1" branch-rate="1" complexity="NaN">
              <lines />
            </method>
            <method name="ValueFormatterDetectionMode" signature="()" line-rate="1" branch-rate="1" complexity="NaN">
              <lines />
            </method>
            <method name="ValueFormatterDetectionMode" signature="(FluentAssertions.Common.ValueFormatterDetectionMode)" line-rate="1" branch-rate="1" complexity="NaN">
              <lines />
            </method>
            <method name="ValueFormatterAssembly" signature="()" line-rate="1" branch-rate="1" complexity="NaN">
              <lines />
            </method>
            <method name="ValueFormatterAssembly" signature="(System.String)" line-rate="1" branch-rate="1" complexity="NaN">
              <lines />
            </method>
            <method name="TestFrameworkName" signature="()" line-rate="1" branch-rate="1" complexity="NaN">
              <lines />
            </method>
            <method name="TestFrameworkName" signature="(System.String)" line-rate="1" branch-rate="1" complexity="NaN">
              <lines />
            </method>
            <method name=".ctor" signature="(FluentAssertions.Common.IConfigurationStore)" line-rate="1" branch-rate="1" complexity="NaN">
              <lines />
            </method>
            <method name="DetermineFormatterDetectionMode" signature="()" line-rate="1" branch-rate="1" complexity="3">
              <lines />
            </method>
          </methods>
          <lines />
        </class>
        <class name="FluentAssertions.Common.ConfigurationStoreExceptionInterceptor" filename="C:\projects\fluentassertions-vf06b\Src\FluentAssertions\Common\ConfigurationStoreExceptionInterceptor.cs" line-rate="1" branch-rate="1" complexity="NaN">
          <methods>
            <method name=".ctor" signature="(FluentAssertions.Common.IConfigurationStore)" line-rate="1" branch-rate="1" complexity="NaN">
              <lines />
            </method>
            <method name="GetSetting" signature="(System.String)" line-rate="1" branch-rate="1" complexity="NaN">
              <lines />
            </method>
          </methods>
          <lines />
        </class>
        <class name="FluentAssertions.Common.CSharpAccessModifierExtensions" filename="C:\projects\fluentassertions-vf06b\Src\FluentAssertions\Common\CSharpAccessModifierExtensions.cs" line-rate="1" branch-rate="1" complexity="NaN">
          <methods>
            <method name="GetCSharpAccessModifier" signature="(System.Reflection.MethodBase)" line-rate="1" branch-rate="1" complexity="NaN">
              <lines />
            </method>
            <method name="GetCSharpAccessModifier" signature="(System.Reflection.FieldInfo)" line-rate="1" branch-rate="1" complexity="NaN">
              <lines />
            </method>
            <method name="GetCSharpAccessModifier" signature="(System.Type)" line-rate="1" branch-rate="1" complexity="NaN">
              <lines />
            </method>
          </methods>
          <lines />
        </class>
        <class name="FluentAssertions.Common.DateTimeExtensions" filename="C:\projects\fluentassertions-vf06b\Src\FluentAssertions\Common\DateTimeExtensions.cs" line-rate="1" branch-rate="1" complexity="NaN">
          <methods>
            <method name="ToDateTimeOffset" signature="(System.DateTime)" line-rate="1" branch-rate="1" complexity="NaN">
              <lines />
            </method>
            <method name="ToDateTimeOffset" signature="(System.DateTime,System.TimeSpan)" line-rate="1" branch-rate="1" complexity="NaN">
              <lines />
            </method>
          </methods>
          <lines />
        </class>
        <class name="FluentAssertions.Common.EnumerableExtensions" filename="C:\projects\fluentassertions-vf06b\Src\FluentAssertions\Common\EnumerableExtensions.cs" line-rate="1" branch-rate="1" complexity="NaN">
          <methods>
            <method name="ConvertOrCastToCollection" signature="(System.Collections.Generic.IEnumerable`1&lt;T&gt;)" line-rate="1" branch-rate="1" complexity="NaN">
              <lines />
            </method>
            <method name="ConvertOrCastToCollection" signature="(System.Collections.IEnumerable)" line-rate="1" branch-rate="1" complexity="NaN">
              <lines />
            </method>
            <method name="ConvertOrCastToList" signature="(System.Collections.Generic.IEnumerable`1&lt;T&gt;)" line-rate="1" branch-rate="1" complexity="NaN">
              <lines />
            </method>
            <method name="ConvertOrCastToList" signature="(System.Collections.IEnumerable)" line-rate="1" branch-rate="1" complexity="NaN">
              <lines />
            </method>
            <method name="IndexOfFirstDifferenceWith" signature="(System.Collections.Generic.IEnumerable`1&lt;TFirst&gt;,System.Collections.Generic.IEnumerable`1&lt;TSecond&gt;,System.Func`3&lt;TFirst,TSecond,System.Boolean&gt;)" line-rate="1" branch-rate="1" complexity="NaN">
              <lines />
            </method>
          </methods>
          <lines />
        </class>
        <class name="FluentAssertions.Common.ExceptionExtensions" filename="C:\projects\fluentassertions-vf06b\Src\FluentAssertions\Common\ExceptionExtensions.cs" line-rate="1" branch-rate="1" complexity="NaN">
          <methods>
            <method name="Unwrap" signature="(System.Reflection.TargetInvocationException)" line-rate="1" branch-rate="1" complexity="NaN">
              <lines />
            </method>
          </methods>
          <lines />
        </class>
        <class name="FluentAssertions.Common.ExpressionExtensions" filename="C:\projects\fluentassertions-vf06b\Src\FluentAssertions\Common\ExpressionExtensions.cs" line-rate="1" branch-rate="1" complexity="NaN">
          <methods>
            <method name="GetSelectedMemberInfo" signature="(System.Linq.Expressions.Expression`1&lt;System.Func`2&lt;T,TValue&gt;&gt;)" line-rate="1" branch-rate="1" complexity="NaN">
              <lines />
            </method>
            <method name="GetPropertyInfo" signature="(System.Linq.Expressions.Expression`1&lt;System.Func`2&lt;T,TValue&gt;&gt;)" line-rate="1" branch-rate="1" complexity="NaN">
              <lines />
            </method>
            <method name="AttemptToGetMemberInfoFromMemberExpression" signature="(System.Linq.Expressions.Expression`1&lt;System.Func`2&lt;T,TValue&gt;&gt;)" line-rate="1" branch-rate="1" complexity="NaN">
              <lines />
            </method>
            <method name="AttemptToGetMemberInfoFromCastExpression" signature="(System.Linq.Expressions.Expression`1&lt;System.Func`2&lt;T,TValue&gt;&gt;)" line-rate="1" branch-rate="1" complexity="NaN">
              <lines />
            </method>
            <method name="GetMemberPath" signature="(System.Linq.Expressions.Expression`1&lt;System.Func`2&lt;TDeclaringType,TPropertyType&gt;&gt;)" line-rate="1" branch-rate="1" complexity="NaN">
              <lines />
            </method>
          </methods>
          <lines />
        </class>
        <class name="FluentAssertions.Common.FullFrameworkReflector" filename="C:\projects\fluentassertions-vf06b\Src\FluentAssertions\Common\FullFrameworkReflector.cs" line-rate="1" branch-rate="1" complexity="NaN">
          <methods>
            <method name="GetAllTypesFromAppDomain" signature="(System.Func`2&lt;System.Reflection.Assembly,System.Boolean&gt;)" line-rate="1" branch-rate="1" complexity="NaN">
              <lines />
            </method>
            <method name="IsRelevant" signature="(System.Reflection.Assembly)" line-rate="1" branch-rate="1" complexity="NaN">
              <lines />
            </method>
            <method name="IsDynamic" signature="(System.Reflection.Assembly)" line-rate="1" branch-rate="1" complexity="NaN">
              <lines />
            </method>
            <method name="GetExportedTypes" signature="(System.Reflection.Assembly)" line-rate="1" branch-rate="1" complexity="NaN">
              <lines />
            </method>
          </methods>
          <lines />
        </class>
        <class name="FluentAssertions.Common.Guard" filename="C:\projects\fluentassertions-vf06b\Src\FluentAssertions\Common\Guard.cs" line-rate="1" branch-rate="1" complexity="NaN">
          <methods>
            <method name="ThrowIfArgumentIsNull" signature="(T,System.String)" line-rate="1" branch-rate="1" complexity="NaN">
              <lines />
            </method>
            <method name="ThrowIfArgumentIsNull" signature="(T,System.String,System.String)" line-rate="1" branch-rate="1" complexity="NaN">
              <lines />
            </method>
            <method name="ThrowIfArgumentIsNullOrEmpty" signature="(System.String,System.String)" line-rate="1" branch-rate="1" complexity="NaN">
              <lines />
            </method>
            <method name="ThrowIfArgumentIsNullOrEmpty" signature="(System.String,System.String,System.String)" line-rate="1" branch-rate="1" complexity="NaN">
              <lines />
            </method>
          </methods>
          <lines />
        </class>
        <class name="FluentAssertions.Common.IntegerExtensions" filename="C:\projects\fluentassertions-vf06b\Src\FluentAssertions\Common\IntegerExtensions.cs" line-rate="1" branch-rate="1" complexity="NaN">
          <methods>
            <method name="Times" signature="(System.Int32)" line-rate="1" branch-rate="1" complexity="NaN">
              <lines />
            </method>
          </methods>
          <lines />
        </class>
        <class name="FluentAssertions.Common.MemberPath" filename="C:\projects\fluentassertions-vf06b\Src\FluentAssertions\Common\MemberPath.cs" line-rate="1" branch-rate="1" complexity="3">
          <methods>
            <method name=".ctor" signature="(System.Type,System.String)" line-rate="1" branch-rate="1" complexity="NaN">
              <lines />
            </method>
            <method name="IsParentOrChildOf" signature="(FluentAssertions.Common.MemberPath)" line-rate="1" branch-rate="1" complexity="NaN">
              <lines />
            </method>
            <method name="IsSameAs" signature="(FluentAssertions.Common.MemberPath)" line-rate="1" branch-rate="1" complexity="NaN">
              <lines />
            </method>
            <method name="IsChild" signature="(FluentAssertions.Common.MemberPath)" line-rate="1" branch-rate="1" complexity="NaN">
              <lines />
            </method>
            <method name="IsParent" signature="(FluentAssertions.Common.MemberPath)" line-rate="1" branch-rate="1" complexity="NaN">
              <lines />
            </method>
            <method name="GetSegments" signature="()" line-rate="1" branch-rate="1" complexity="2">
              <lines />
            </method>
            <method name="ToString" signature="()" line-rate="1" branch-rate="1" complexity="1">
              <lines />
            </method>
          </methods>
          <lines />
        </class>
        <class name="FluentAssertions.Common.MethodInfoExtensions" filename="C:\projects\fluentassertions-vf06b\Src\FluentAssertions\Common\MethodInfoExtensions.cs" line-rate="1" branch-rate="1" complexity="1">
          <methods>
            <method name="IsAsync" signature="(System.Reflection.MethodInfo)" line-rate="1" branch-rate="1" complexity="NaN">
              <lines />
            </method>
            <method name="GetMatchingAttributes" signature="(System.Reflection.MemberInfo,System.Linq.Expressions.Expression`1&lt;System.Func`2&lt;TAttribute,System.Boolean&gt;&gt;)" line-rate="1" branch-rate="1" complexity="NaN">
              <lines />
            </method>
            <method name="IsNonVirtual" signature="(System.Reflection.MethodInfo)" line-rate="1" branch-rate="1" complexity="NaN">
              <lines />
            </method>
            <method name="RecreateMethodImplAttribute" signature="(System.Reflection.MethodBase)" line-rate="1" branch-rate="1" complexity="NaN">
              <lines />
            </method>
            <method name=".cctor" signature="()" line-rate="1" branch-rate="1" complexity="1">
              <lines />
            </method>
          </methods>
          <lines />
        </class>
        <class name="FluentAssertions.Common.NoSynchronizationContextScope" filename="C:\projects\fluentassertions-vf06b\Src\FluentAssertions\Common\NoSynchronizationContextScope.cs" line-rate="1" branch-rate="1" complexity="2">
          <methods>
            <method name="Enter" signature="()" line-rate="1" branch-rate="1" complexity="1">
              <lines />
            </method>
            <method name=".ctor" signature="(System.Action)" line-rate="1" branch-rate="1" complexity="NaN">
              <lines />
            </method>
            <method name="Dispose" signature="()" line-rate="1" branch-rate="1" complexity="1">
              <lines />
            </method>
          </methods>
          <lines />
        </class>
        <class name="FluentAssertions.Common.ObjectExtensions" filename="C:\projects\fluentassertions-vf06b\Src\FluentAssertions\Common\ObjectExtensions.cs" line-rate="1" branch-rate="1" complexity="NaN">
          <methods>
            <method name="IsSameOrEqualTo" signature="(System.Object,System.Object)" line-rate="1" branch-rate="1" complexity="NaN">
              <lines />
            </method>
            <method name="CanConvert" signature="(System.Object,System.Object,System.Type,System.Type)" line-rate="1" branch-rate="1" complexity="NaN">
              <lines />
            </method>
            <method name="ConvertTo" signature="(System.Object,System.Type)" line-rate="1" branch-rate="1" complexity="NaN">
              <lines />
            </method>
            <method name="IsNumericType" signature="(System.Object)" line-rate="1" branch-rate="1" complexity="NaN">
              <lines />
            </method>
            <method name="IsEnumType" signature="(System.Type)" line-rate="1" branch-rate="1" complexity="NaN">
              <lines />
            </method>
          </methods>
          <lines />
        </class>
[...]
              </lines>
            </method>
          </methods>
          <lines>
            <line number="18" hits="0" branch="false" />
            <line number="19" hits="0" branch="true" condition-coverage="0% (0/2)" />
            <line number="20" hits="0" branch="false" />
            <line number="21" hits="0" branch="false" />
            <line number="22" hits="0" branch="false" />
            <line number="23" hits="0" branch="false" />
            <line number="24" hits="0" branch="false" />
            <line number="30" hits="0" branch="false" />
            <line number="31" hits="0" branch="true" condition-coverage="0% (0/2)" />
            <line number="32" hits="0" branch="false" />
            <line number="33" hits="0" branch="false" />
            <line number="34" hits="0" branch="false" />
            <line number="35" hits="0" branch="false" />
            <line number="36" hits="0" branch="false" />
            <line number="42" hits="0" branch="false" />
            <line number="43" hits="0" branch="true" condition-coverage="0% (0/2)" />
            <line number="44" hits="0" branch="false" />
            <line number="45" hits="0" branch="false" />
            <line number="46" hits="0" branch="false" />
            <line number="47" hits="0" branch="false" />
            <line number="48" hits="0" branch="false" />
            <line number="51" hits="0" branch="false" />
            <line number="52" hits="0" branch="false" />
            <line number="53" hits="0" branch="false" />
            <line number="54" hits="0" branch="false" />
          </lines>
        </class>
        <class name="SchoolBankProject.Services.Services.AccountServices" filename="C:\Users\Admin\source\repos\SchoolBankProject\SchoolBankProject.Services\SchoolBankProject.Services\Services\AccountServices.cs" line-rate="0" branch-rate="0" complexity="34">
          <methods>
            <method name=".ctor" signature="(SchoolBankProject.Data.SchoolBankContext)" line-rate="0" branch-rate="1" complexity="NaN">
              <lines>
                <line number="15" hits="0" branch="false" />
                <line number="16" hits="0" branch="false" />
                <line number="17" hits="0" branch="false" />
                <line number="18" hits="0" branch="false" />
              </lines>
            </method>
            <method name="AccountNumberExist" signature="(System.String)" line-rate="0" branch-rate="1" complexity="NaN">
              <lines>
                <line number="20" hits="0" branch="false" />
              </lines>
            </method>
            <method name="IBANNumberExist" signature="(System.String)" line-rate="0" branch-rate="1" complexity="NaN">
              <lines>
                <line number="21" hits="0" branch="false" />
              </lines>
            </method>
            <method name="CreateAccountNumber" signature="()" line-rate="0" branch-rate="0" complexity="3">
              <lines>
                <line number="25" hits="0" branch="false" />
                <line number="26" hits="0" branch="false" />
                <line number="27" hits="0" branch="false" />
                <line number="30" hits="0" branch="false" />
                <line number="31" hits="0" branch="true" condition-coverage="0% (0/2)" />
                <line number="32" hits="0" branch="false" />
                <line number="33" hits="0" branch="false" />
                <line number="34" hits="0" branch="false" />
                <line number="35" hits="0" branch="false" />
                <line number="36" hits="0" branch="true" condition-coverage="0% (0/2)" />
                <line number="38" hits="0" branch="false" />
                <line number="39" hits="0" branch="false" />
              </lines>
            </method>
            <method name="CreateIBANNumber" signature="()" line-rate="0" branch-rate="0" complexity="3">
              <lines>
                <line number="42" hits="0" branch="false" />
                <line number="43" hits="0" branch="false" />
                <line number="44" hits="0" branch="false" />
                <line number="47" hits="0" branch="false" />
                <line number="48" hits="0" branch="true" condition-coverage="0% (0/2)" />
                <line number="49" hits="0" branch="false" />
                <line number="50" hits="0" branch="false" />
                <line number="51" hits="0" branch="false" />
                <line number="52" hits="0" branch="false" />
                <line number="53" hits="0" branch="true" condition-coverage="0% (0/2)" />
                <line number="55" hits="0" branch="false" />
                <line number="56" hits="0" branch="false" />
              </lines>
            </method>
            <method name="ReturnClearingNumber" signature="()" line-rate="0" branch-rate="1" complexity="1">
              <lines>
                <line number="66" hits="0" branch="false" />
              </lines>
            </method>
            <method name="TransferMoney" signature="(System.String,System.String,System.Int32)" line-rate="0" branch-rate="1" complexity="NaN">
              <lines>
                <line number="88" hits="0" branch="false" />
                <line number="91" hits="0" branch="false" />
              </lines>
            </method>
            <method name="CreateBankAccount" signature="()" line-rate="0" branch-rate="0" complexity="3">
              <lines>
                <line number="60" hits="0" branch="false" />
                <line number="61" hits="0" branch="false" />
                <line number="62" hits="0" branch="true" condition-coverage="0% (0/2)" />
                <line number="63" hits="0" branch="false" />
              </lines>
            </method>
            <method name="Deposit" signature="()" line-rate="0" branch-rate="0" complexity="5">
              <lines>
                <line number="69" hits="0" branch="false" />
                <line number="70" hits="0" branch="true" condition-coverage="0% (0/2)" />
                <line number="72" hits="0" branch="false" />
                <line number="74" hits="0" branch="false" />
                <line number="75" hits="0" branch="true" condition-coverage="0% (0/2)" />
                <line number="76" hits="0" branch="false" />
              </lines>
            </method>
            <method name="GetAccountById" signature="()" line-rate="0" branch-rate="0" complexity="3">
              <lines>
                <line number="79" hits="0" branch="true" condition-coverage="0% (0/2)" />
              </lines>
            </method>
            <method name="GetAccounts" signature="()" line-rate="0" branch-rate="0" complexity="3">
              <lines>
                <line number="81" hits="0" branch="true" condition-coverage="0% (0/2)" />
              </lines>
            </method>
            <method name="GetBalance" signature="()" line-rate="0" branch-rate="0" complexity="3">
              <lines>
                <line number="83" hits="0" branch="true" condition-coverage="0% (0/2)" />
                <line number="84" hits="0" branch="false" />
              </lines>
            </method>
            <method name="Withdraw" signature="()" line-rate="0" branch-rate="0" complexity="7">
              <lines>
                <line number="95" hits="0" branch="false" />
                <line number="96" hits="0" branch="true" condition-coverage="0% (0/2)" />
                <line number="98" hits="0" branch="true" condition-coverage="0% (0/2)" />
                <line number="99" hits="0" branch="false" />
                <line number="101" hits="0" branch="true" condition-coverage="0% (0/2)" />
                <line number="102" hits="0" branch="false" />
                <line number="104" hits="0" branch="false" />
                <line number="106" hits="0" branch="false" />
                <line number="107" hits="0" branch="true" condition-coverage="0% (0/2)" />
                <line number="108" hits="0" branch="false" />
              </lines>
            </method>
            <method name="GetAccountTypeByName" signature="()" line-rate="0" branch-rate="0" complexity="3">
              <lines>
                <line number="112" hits="0" branch="true" condition-coverage="0% (0/2)" />
              </lines>
            </method>
          </methods>
          <lines>
            <line number="15" hits="0" branch="false" />
            <line number="16" hits="0" branch="false" />
            <line number="17" hits="0" branch="false" />
            <line number="18" hits="0" branch="false" />
            <line number="20" hits="0" branch="false" />
            <line number="21" hits="0" branch="false" />
            <line number="25" hits="0" branch="false" />
            <line number="26" hits="0" branch="false" />
            <line number="27" hits="0" branch="false" />
            <line number="30" hits="0" branch="false" />
            <line number="31" hits="0" branch="true" condition-coverage="0% (0/2)" />
            <line number="32" hits="0" branch="false" />
            <line number="33" hits="0" branch="false" />
            <line number="34" hits="0" branch="false" />
            <line number="35" hits="0" branch="false" />
            <line number="36" hits="0" branch="true" condition-coverage="0% (0/2)" />
            <line number="38" hits="0" branch="false" />
            <line number="39" hits="0" branch="false" />
            <line number="42" hits="0" branch="false" />
            <line number="43" hits="0" branch="false" />
            <line number="44" hits="0" branch="false" />
            <line number="47" hits="0" branch="false" />
            <line number="48" hits="0" branch="true" condition-coverage="0% (0/2)" />
            <line number="49" hits="0" branch="false" />
            <line number="50" hits="0" branch="false" />
            <line number="51" hits="0" branch="false" />
            <line number="52" hits="0" branch="false" />
            <line number="53" hits="0" branch="true" condition-coverage="0% (0/2)" />
            <line number="55" hits="0" branch="false" />
            <line number="56" hits="0" branch="false" />
            <line number="60" hits="0" branch="false" />
            <line number="61" hits="0" branch="false" />
            <line number="62" hits="0" branch="true" condition-coverage="0% (0/2)" />
            <line number="63" hits="0" branch="false" />
            <line number="66" hits="0" branch="false" />
            <line number="69" hits="0" branch="false" />
            <line number="70" hits="0" branch="true" condition-coverage="0% (0/2)" />
            <line number="72" hits="0" branch="false" />
            <line number="74" hits="0" branch="false" />
            <line number="75" hits="0" branch="true" condition-coverage="0% (0/2)" />
            <line number="76" hits="0" branch="false" />
            <line number="79" hits="0" branch="true" condition-coverage="0% (0/2)" />
            <line number="81" hits="0" branch="true" condition-coverage="0% (0/2)" />
            <line number="83" hits="0" branch="true" condition-coverage="0% (0/2)" />
            <line number="84" hits="0" branch="false" />
            <line number="88" hits="0" branch="false" />
            <line number="91" hits="0" branch="false" />
            <line number="95" hits="0" branch="false" />
            <line number="96" hits="0" branch="true" condition-coverage="0% (0/2)" />
            <line number="98" hits="0" branch="true" condition-coverage="0% (0/2)" />
            <line number="99" hits="0" branch="false" />
            <line number="101" hits="0" branch="true" condition-coverage="0% (0/2)" />
            <line number="102" hits="0" branch="false" />
            <line number="104" hits="0" branch="false" />
            <line number="106" hits="0" branch="false" />
            <line number="107" hits="0" branch="true" condition-coverage="0% (0/2)" />
            <line number="108" hits="0" branch="false" />
            <line number="112" hits="0" branch="true" condition-coverage="0% (0/2)" />
          </lines>
        </class>
        <class name="SchoolBankProject.Services.Services.CustomerServices" filename="C:\Users\Admin\source\repos\SchoolBankProject\SchoolBankProject.Services\SchoolBankProject.Services\Services\CustomerServices.cs" line-rate="0" branch-rate="0" complexity="21">
          <methods>
            <method name=".ctor" signature="(SchoolBankProject.Data.SchoolBankContext)" line-rate="0" branch-rate="1" complexity="NaN">
              <lines>
                <line number="14" hits="0" branch="false" />
                <line number="15" hits="0" branch="false" />
                <line number="16" hits="0" branch="false" />
                <line number="17" hits="0" branch="false" />
              </lines>
            </method>
            <method name="CreateCustomer" signature="()" line-rate="0" branch-rate="0" complexity="3">
              <lines>
                <line number="20" hits="0" branch="false" />
                <line number="21" hits="0" branch="false" />
                <line number="22" hits="0" branch="true" condition-coverage="0% (0/2)" />
                <line number="23" hits="0" branch="false" />
              </lines>
            </method>
            <method name="DeleteCustomer" signature="()" line-rate="0" branch-rate="0" complexity="6">
              <lines>
                <line number="27" hits="0" branch="false" />
                <line number="28" hits="0" branch="true" condition-coverage="0% (0/2)" />
                <line number="30" hits="0" branch="true" condition-coverage="0% (0/2)" />
                <line number="31" hits="0" branch="false" />
                <line number="33" hits="0" branch="false" />
                <line number="34" hits="0" branch="true" condition-coverage="0% (0/2)" />
                <line number="35" hits="0" branch="false" />
              </lines>
            </method>
            <method name="GetAllCustomers" signature="()" line-rate="0" branch-rate="0" complexity="3">
              <lines>
                <line number="38" hits="0" branch="true" condition-coverage="0% (0/2)" />
              </lines>
            </method>
            <method name="GetCustomerById" signature="()" line-rate="0" branch-rate="0" complexity="3">
              <lines>
                <line number="40" hits="0" branch="true" condition-coverage="0% (0/2)" />
              </lines>
            </method>
            <method name="UpdateCustomer" signature="()" line-rate="0" branch-rate="0" complexity="6">
              <lines>
                <line number="43" hits="0" branch="false" />
                <line number="44" hits="0" branch="true" condition-coverage="0% (0/2)" />
                <line number="46" hits="0" branch="true" condition-coverage="0% (0/2)" />
                <line number="47" hits="0" branch="false" />
                <line number="49" hits="0" branch="false" />
                <line number="50" hits="0" branch="true" condition-coverage="0% (0/2)" />
                <line number="51" hits="0" branch="false" />
              </lines>
            </method>
          </methods>
          <lines>
            <line number="14" hits="0" branch="false" />
            <line number="15" hits="0" branch="false" />
            <line number="16" hits="0" branch="false" />
            <line number="17" hits="0" branch="false" />
            <line number="20" hits="0" branch="false" />
            <line number="21" hits="0" branch="false" />
            <line number="22" hits="0" branch="true" condition-coverage="0% (0/2)" />
            <line number="23" hits="0" branch="false" />
            <line number="27" hits="0" branch="false" />
            <line number="28" hits="0" branch="true" condition-coverage="0% (0/2)" />
            <line number="30" hits="0" branch="true" condition-coverage="0% (0/2)" />
            <line number="31" hits="0" branch="false" />
            <line number="33" hits="0" branch="false" />
            <line number="34" hits="0" branch="true" condition-coverage="0% (0/2)" />
            <line number="35" hits="0" branch="false" />
            <line number="38" hits="0" branch="true" condition-coverage="0% (0/2)" />
            <line number="40" hits="0" branch="true" condition-coverage="0% (0/2)" />
            <line number="43" hits="0" branch="false" />
            <line number="44" hits="0" branch="true" condition-coverage="0% (0/2)" />
            <line number="46" hits="0" branch="true" condition-coverage="0% (0/2)" />
            <line number="47" hits="0" branch="false" />
            <line number="49" hits="0" branch="false" />
            <line number="50" hits="0" branch="true" condition-coverage="0% (0/2)" />
            <line number="51" hits="0" branch="false" />
          </lines>
        </class>
        <class name="SchoolBankProject.Services.Services.TransactionsService" filename="C:\Users\Admin\source\repos\SchoolBankProject\SchoolBankProject.Services\SchoolBankProject.Services\Services\TransactionService.cs" line-rate="0" branch-rate="1" complexity="NaN">
          <methods>
            <method name=".ctor" signature="(SchoolBankProject.Data.SchoolBankContext)" line-rate="0" branch-rate="1" complexity="NaN">
              <lines>
                <line number="11" hits="0" branch="false" />
                <line number="12" hits="0" branch="false" />
                <line number="13" hits="0" branch="false" />
                <line number="14" hits="0" branch="false" />
              </lines>
            </method>
            <method name="AddTransaction" signature="(System.String,System.Int32,System.DateTime,System.Guid,System.String)" line-rate="0" branch-rate="1" complexity="NaN">
              <lines>
                <line number="17" hits="0" branch="false" />
                <line number="18" hits="0" branch="false" />
                <line number="19" hits="0" branch="false" />
                <line number="20" hits="0" branch="false" />
                <line number="21" hits="0" branch="false" />
                <line number="22" hits="0" branch="false" />
                <line number="23" hits="0" branch="false" />
                <line number="24" hits="0" branch="false" />
                <line number="25" hits="0" branch="false" />
                <line number="26" hits="0" branch="false" />
                <line number="27" hits="0" branch="false" />
                <line number="28" hits="0" branch="false" />
                <line number="29" hits="0" branch="false" />
                <line number="30" hits="0" branch="false" />
              </lines>
            </method>
          </methods>
          <lines>
            <line number="11" hits="0" branch="false" />
            <line number="12" hits="0" branch="false" />
            <line number="13" hits="0" branch="false" />
            <line number="14" hits="0" branch="false" />
            <line number="17" hits="0" branch="false" />
            <line number="18" hits="0" branch="false" />
            <line number="19" hits="0" branch="false" />
            <line number="20" hits="0" branch="false" />
            <line number="21" hits="0" branch="false" />
            <line number="22" hits="0" branch="false" />
            <line number="23" hits="0" branch="false" />
            <line number="24" hits="0" branch="false" />
            <line number="25" hits="0" branch="false" />
            <line number="26" hits="0" branch="false" />
            <line number="27" hits="0" branch="false" />
            <line number="28" hits="0" branch="false" />
            <line number="29" hits="0" branch="false" />
            <line number="30" hits="0" branch="false" />
          </lines>
        </class>
      </classes>
    </package>
  </packages>
</coverage>